# JRE version: OpenJDK Runtime Environment (14.0.1+14) (build 14.0.1+14)
# Java VM: OpenJDK 64-Bit Server VM (14.0.1+14, mixed mode, sharing, tiered, compressed oops, g1 gc, bsd-amd64)
Heap:
 garbage-first heap   total 201728K, used 90751K [0x0000000700000000, 0x0000000800000000)
  region size 1024K, 40 young (40960K), 8 survivors (8192K)
 Metaspace       used 41719K, capacity 42487K, committed 43056K, reserved 1087488K
  class space    used 4600K, capacity 4890K, committed 4992K, reserved 1048576K
GC Heap History (20 events):
Event: 115.890 GC heap before
{Heap before GC invocations=144 (full 4):
 garbage-first heap   total 201728K, used 177358K [0x0000000700000000, 0x0000000800000000)
  region size 1024K, 94 young (96256K), 10 survivors (10240K)
 Metaspace       used 41530K, capacity 42330K, committed 42800K, reserved 1087488K
  class space    used 4588K, capacity 4880K, committed 4992K, reserved 1048576K
}
Event: 115.894 GC heap after
{Heap after GC invocations=145 (full 4):
 garbage-first heap   total 201728K, used 92678K [0x0000000700000000, 0x0000000800000000)
  region size 1024K, 11 young (11264K), 11 survivors (11264K)
 Metaspace       used 41530K, capacity 42330K, committed 42800K, reserved 1087488K
  class space    used 4588K, capacity 4880K, committed 4992K, reserved 1048576K
}
Event: 118.130 GC heap before
{Heap before GC invocations=145 (full 4):
 garbage-first heap   total 201728K, used 153094K [0x0000000700000000, 0x0000000800000000)
  region size 1024K, 68 young (69632K), 11 survivors (11264K)
 Metaspace       used 41582K, capacity 42336K, committed 42800K, reserved 1087488K
  class space    used 4594K, capacity 4882K, committed 4992K, reserved 1048576K
}
Event: 118.132 GC heap after
{Heap after GC invocations=146 (full 4):
 garbage-first heap   total 201728K, used 71383K [0x0000000700000000, 0x0000000800000000)
  region size 1024K, 9 young (9216K), 9 survivors (9216K)
 Metaspace       used 41582K, capacity 42336K, committed 42800K, reserved 1087488K
  class space    used 4594K, capacity 4882K, committed 4992K, reserved 1048576K
}
Event: 121.466 GC heap before
{Heap before GC invocations=146 (full 4):
 garbage-first heap   total 201728K, used 167639K [0x0000000700000000, 0x0000000800000000)
  region size 1024K, 89 young (91136K), 9 survivors (9216K)
 Metaspace       used 41585K, capacity 42336K, committed 42800K, reserved 1087488K
  class space    used 4594K, capacity 4882K, committed 4992K, reserved 1048576K
}
Event: 121.468 GC heap after
{Heap after GC invocations=147 (full 4):
 garbage-first heap   total 201728K, used 83605K [0x0000000700000000, 0x0000000800000000)
  region size 1024K, 9 young (9216K), 9 survivors (9216K)
 Metaspace       used 41585K, capacity 42336K, committed 42800K, reserved 1087488K
  class space    used 4594K, capacity 4882K, committed 4992K, reserved 1048576K
}
Event: 124.167 GC heap before
{Heap before GC invocations=147 (full 4):
 garbage-first heap   total 201728K, used 157333K [0x0000000700000000, 0x0000000800000000)
  region size 1024K, 77 young (78848K), 9 survivors (9216K)
 Metaspace       used 41585K, capacity 42336K, committed 42800K, reserved 1087488K
  class space    used 4594K, capacity 4882K, committed 4992K, reserved 1048576K
}
Event: 124.169 GC heap after
{Heap after GC invocations=148 (full 4):
 garbage-first heap   total 201728K, used 75320K [0x0000000700000000, 0x0000000800000000)
  region size 1024K, 10 young (10240K), 10 survivors (10240K)
 Metaspace       used 41585K, capacity 42336K, committed 42800K, reserved 1087488K
  class space    used 4594K, capacity 4882K, committed 4992K, reserved 1048576K
}
Event: 127.207 GC heap before
{Heap before GC invocations=148 (full 4):
 garbage-first heap   total 201728K, used 159288K [0x0000000700000000, 0x0000000800000000)
  region size 1024K, 87 young (89088K), 10 survivors (10240K)
 Metaspace       used 41585K, capacity 42336K, committed 42800K, reserved 1087488K
  class space    used 4594K, capacity 4882K, committed 4992K, reserved 1048576K
}
Event: 127.210 GC heap after
{Heap after GC invocations=149 (full 4):
 garbage-first heap   total 201728K, used 76324K [0x0000000700000000, 0x0000000800000000)
  region size 1024K, 10 young (10240K), 10 survivors (10240K)
 Metaspace       used 41585K, capacity 42336K, committed 42800K, reserved 1087488K
  class space    used 4594K, capacity 4882K, committed 4992K, reserved 1048576K
}
Event: 130.377 GC heap before
{Heap before GC invocations=149 (full 4):
 garbage-first heap   total 201728K, used 165412K [0x0000000700000000, 0x0000000800000000)
  region size 1024K, 86 young (88064K), 10 survivors (10240K)
 Metaspace       used 41590K, capacity 42336K, committed 42800K, reserved 1087488K
  class space    used 4594K, capacity 4882K, committed 4992K, reserved 1048576K
}
Event: 130.379 GC heap after
{Heap after GC invocations=150 (full 4):
 garbage-first heap   total 201728K, used 82443K [0x0000000700000000, 0x0000000800000000)
  region size 1024K, 10 young (10240K), 10 survivors (10240K)
 Metaspace       used 41590K, capacity 42336K, committed 42800K, reserved 1087488K
  class space    used 4594K, capacity 4882K, committed 4992K, reserved 1048576K
}
Event: 131.582 GC heap before
{Heap before GC invocations=150 (full 4):
 garbage-first heap   total 201728K, used 138763K [0x0000000700000000, 0x0000000800000000)
  region size 1024K, 49 young (50176K), 10 survivors (10240K)
 Metaspace       used 41618K, capacity 42359K, committed 42800K, reserved 1087488K
  class space    used 4598K, capacity 4890K, committed 4992K, reserved 1048576K
}
Event: 131.583 GC heap after
{Heap after GC invocations=151 (full 4):
 garbage-first heap   total 201728K, used 80226K [0x0000000700000000, 0x0000000800000000)
  region size 1024K, 2 young (2048K), 2 survivors (2048K)
 Metaspace       used 41618K, capacity 42359K, committed 42800K, reserved 1087488K
  class space    used 4598K, capacity 4890K, committed 4992K, reserved 1048576K
}
Event: 135.066 GC heap before
{Heap before GC invocations=152 (full 4):
 garbage-first heap   total 201728K, used 171905K [0x0000000700000000, 0x0000000800000000)
  region size 1024K, 77 young (78848K), 2 survivors (2048K)
 Metaspace       used 41634K, capacity 42423K, committed 43056K, reserved 1087488K
  class space    used 4600K, capacity 4890K, committed 4992K, reserved 1048576K
}
Event: 135.068 GC heap after
{Heap after GC invocations=153 (full 4):
 garbage-first heap   total 201728K, used 79578K [0x0000000700000000, 0x0000000800000000)
  region size 1024K, 3 young (3072K), 3 survivors (3072K)
 Metaspace       used 41634K, capacity 42423K, committed 43056K, reserved 1087488K
  class space    used 4600K, capacity 4890K, committed 4992K, reserved 1048576K
}
Event: 143.924 GC heap before
{Heap before GC invocations=153 (full 4):
 garbage-first heap   total 201728K, used 179930K [0x0000000700000000, 0x0000000800000000)
  region size 1024K, 83 young (84992K), 3 survivors (3072K)
 Metaspace       used 41688K, capacity 42423K, committed 43056K, reserved 1087488K
  class space    used 4600K, capacity 4890K, committed 4992K, reserved 1048576K
}
Event: 143.927 GC heap after
{Heap after GC invocations=154 (full 4):
 garbage-first heap   total 201728K, used 84056K [0x0000000700000000, 0x0000000800000000)
  region size 1024K, 10 young (10240K), 10 survivors (10240K)
 Metaspace       used 41688K, capacity 42423K, committed 43056K, reserved 1087488K
  class space    used 4600K, capacity 4890K, committed 4992K, reserved 1048576K
}
Event: 151.892 GC heap before
{Heap before GC invocations=154 (full 4):
 garbage-first heap   total 201728K, used 157784K [0x0000000700000000, 0x0000000800000000)
  region size 1024K, 83 young (84992K), 10 survivors (10240K)
 Metaspace       used 41704K, capacity 42487K, committed 43056K, reserved 1087488K
  class space    used 4600K, capacity 4890K, committed 4992K, reserved 1048576K
}
Event: 151.894 GC heap after
{Heap after GC invocations=155 (full 4):
 garbage-first heap   total 201728K, used 60031K [0x0000000700000000, 0x0000000800000000)
  region size 1024K, 8 young (8192K), 8 survivors (8192K)
 Metaspace       used 41704K, capacity 42487K, committed 43056K, reserved 1087488K
  class space    used 4600K, capacity 4890K, committed 4992K, reserved 1048576K
}

